0 info it worked if it ends with ok
1 verbose cli [ '/Users/m/.nvm/v0.10.48/bin/node',
1 verbose cli   '/Users/m/.nvm/v0.10.48/bin/npm',
1 verbose cli   'i' ]
2 info using npm@2.15.1
3 info using node@v0.10.48
4 verbose readDependencies loading dependencies from /Users/m/Documents/GitHub/JAVASCRIPT/EXPRESS/package.json
5 error install Couldn't read dependencies
6 verbose stack Error: ENOENT, open '/Users/m/Documents/GitHub/JAVASCRIPT/EXPRESS/package.json'
7 verbose cwd /Users/m/Documents/GitHub/JAVASCRIPT/EXPRESS/node-express-course-main
8 error Darwin 17.7.0
9 error argv "/Users/m/.nvm/v0.10.48/bin/node" "/Users/m/.nvm/v0.10.48/bin/npm" "i"
10 error node v0.10.48
11 error npm  v2.15.1
12 error path /Users/m/Documents/GitHub/JAVASCRIPT/EXPRESS/package.json
13 error code ENOPACKAGEJSON
14 error errno 34
15 error package.json ENOENT, open '/Users/m/Documents/GitHub/JAVASCRIPT/EXPRESS/package.json'
15 error package.json This is most likely not a problem with npm itself.
15 error package.json npm can't find a package.json file in your current directory.
16 verbose exit [ 34, true ]
